<?xml version="1.0" encoding="UTF-8"?>
<!-- Generated by org.testng.reporters.JUnitReportReporter -->
<testsuite hostname="santhosh" failures="0" tests="2" name="task1_mock_demowebshop.IntegrationTest" time="22.030" errors="0" timestamp="2024-05-04T09:15:27 IST" skipped="0">
  <testcase classname="task1_mock_demowebshop.IntegrationTest" name="ConnectionTest_025" time="18.408"/>
  <testcase classname="task1_mock_demowebshop.IntegrationTest" name="SubscribeforNewsLetterTest" time="3.622"/>
</testsuite> <!-- task1_mock_demowebshop.IntegrationTest -->
