<?xml version="1.0" encoding="UTF-8"?>
<!-- Generated by org.testng.reporters.JUnitReportReporter -->
<testsuite hostname="santhosh" failures="0" tests="1" name="task1_mock_demowebshop.RecentelyViewed" time="7.292" errors="0" timestamp="2024-05-04T09:15:27 IST" skipped="0">
  <testcase classname="task1_mock_demowebshop.RecentelyViewed" name="RecentelyViewedItemsTest" time="7.292"/>
</testsuite> <!-- task1_mock_demowebshop.RecentelyViewed -->
