<?xml version="1.0" encoding="UTF-8"?>
<!-- Generated by org.testng.reporters.JUnitReportReporter -->
<testsuite hostname="santhosh" failures="0" tests="2" name="telegram1.registerTest" time="42.420" errors="0" timestamp="2024-04-26T13:32:36 IST" skipped="0">
  <testcase classname="telegram1.registerTest" name="books_001" time="17.880"/>
  <testcase classname="telegram1.registerTest" name="book_test002" time="24.540"/>
</testsuite> <!-- telegram1.registerTest -->
